<?xml version="1.0" encoding="UTF-8"?>
<!-- Generated by org.testng.reporters.JUnitXMLReporter -->
<testsuite ignored="0" hostname="Firoj" failures="0" tests="4" name="Test" time="13.571" errors="0" timestamp="2023-04-06T08:02:58 IST">
  <testcase classname="test_class.Get_tc1" name="orchestrator" time="6.302"/>
  <testcase classname="test_class.Patch_tc1" name="orchestrator" time="3.63"/>
  <testcase classname="test_class.Post_tc1" name="orchestrator" time="1.655"/>
  <testcase classname="test_class.Put_tc1" name="orchestrator" time="1.625"/>
</testsuite> <!-- Test -->
