<?xml version="1.0" encoding="UTF-8"?>
<testng-results ignored="0" total="4" passed="4" failed="0" skipped="0">
  <reporter-output>
  </reporter-output>
  <suite started-at="2023-04-06T08:02:45 IST" name="Suite" finished-at="2023-04-06T08:02:58 IST" duration-ms="13571">
    <groups>
    </groups>
    <test started-at="2023-04-06T08:02:45 IST" name="Test" finished-at="2023-04-06T08:02:58 IST" duration-ms="13571">
      <class name="test_class.Put_tc1">
        <test-method signature="orchestrator()[pri:0, instance:test_class.Put_tc1@548d708a]" started-at="2023-04-06T08:02:57 IST" name="orchestrator" finished-at="2023-04-06T08:02:58 IST" duration-ms="1625" status="PASS">
          <reporter-output>
          </reporter-output>
        </test-method> <!-- orchestrator -->
      </class> <!-- test_class.Put_tc1 -->
      <class name="test_class.Post_tc1">
        <test-method signature="orchestrator()[pri:0, instance:test_class.Post_tc1@4be29ed9]" started-at="2023-04-06T08:02:55 IST" name="orchestrator" finished-at="2023-04-06T08:02:57 IST" duration-ms="1655" status="PASS">
          <reporter-output>
          </reporter-output>
        </test-method> <!-- orchestrator -->
      </class> <!-- test_class.Post_tc1 -->
      <class name="test_class.Patch_tc1">
        <test-method signature="orchestrator()[pri:0, instance:test_class.Patch_tc1@3a7442c7]" started-at="2023-04-06T08:02:51 IST" name="orchestrator" finished-at="2023-04-06T08:02:55 IST" duration-ms="3630" status="PASS">
          <reporter-output>
          </reporter-output>
        </test-method> <!-- orchestrator -->
      </class> <!-- test_class.Patch_tc1 -->
      <class name="test_class.Get_tc1">
        <test-method signature="orchestrator()[pri:0, instance:test_class.Get_tc1@75d3a5e0]" started-at="2023-04-06T08:02:45 IST" name="orchestrator" finished-at="2023-04-06T08:02:51 IST" duration-ms="6302" status="PASS">
          <reporter-output>
          </reporter-output>
        </test-method> <!-- orchestrator -->
      </class> <!-- test_class.Get_tc1 -->
    </test> <!-- Test -->
  </suite> <!-- Suite -->
</testng-results>
